Info: ilivalidator-1.11.9-7dab04f1037b40b6219ae2e584b3fcc1bc10726d
Info: ili2c-5.1.5-35f2a1fe63ea46830bc886ae50a3a818125c8eb9
Info: iox-ili-1.21.4-3757f7907f90ae2bef2be7c97d50d11770fc5f1f
Info: User <stefan>
Info: Start date 2021-02-05 10:15
Info: maxMemory 4194304 KB
Info: dataFile <Bern_Mini_2020_org_Massnahme.xtf>
Info: pluginFolder </Users/stefan/apps/ilivalidator-1.11.9/plugins>
Info: modeldir <https://vsa.ch/models>
Info: lookup model <SIA405_Base_Abwasser_LV95> 2.3 in repository <https://vsa.ch/models/>
Info: lookup model <VSADSSMINI_2020_LV95> 2.3 in repository <https://vsa.ch/models/>
Info: lookup model <Units> 2.3 in repository <https://vsa.ch/models/>
Info: lookup model <Units> 2.3 in repository <http://models.kkgeo.ch/>
Info: lookup model <Units> 2.3 in repository <http://models.geo.admin.ch/>
Info: lookup model <Units> 2.3 in repository <http://models.interlis.ch/>
Info: lookup model <Base_LV95> 2.3 in repository <https://vsa.ch/models/>
Info: lookup model <IGSFunction> 2.3 in repository <https://vsa.ch/models/>
Info: lookup model <MINIFunction> 2.3 in repository <https://vsa.ch/models/>
Info: ilifile </Users/stefan/.ilicache/vsa.ch/models/2020/MINIFunction.ili>
Info: ilifile </Users/stefan/.ilicache/vsa.ch/models/2020/IGSFunction.ili>
Info: ilifile </Users/stefan/.ilicache/models.interlis.ch/refhb23/Units-20120220.ili>
Info: ilifile </Users/stefan/.ilicache/vsa.ch/models/2020/Base_d-20181005.ili>
Info: ilifile </Users/stefan/.ilicache/vsa.ch/models/2020/SIA405_Base_Abwasser-20201103.ili>
Info: ilifile </Users/stefan/.ilicache/vsa.ch/models/2020/VSADSSMINI_2020_2_d_LV95-20201209.ili>
Info: validate data...
Info: assume unknown external objects
Info: first validation pass...
Error: line 198831: VSADSSMINI_2020_LV95.VSADSSMini.Knoten: tid ch18ynpb00004803: Attribute Bemerkung is length restricted to 80
Error: line 320295: VSADSSMINI_2020_LV95.VSADSSMini.Knoten: tid ch18ynpb00008023: Attribute Bemerkung is length restricted to 80
Error: line 386941: VSADSSMINI_2020_LV95.VSADSSMini.Leitung: tid ch18ynpb00010102: value 8850 is out of range in attribute Lichte_Breite
Error: line 393179: VSADSSMINI_2020_LV95.VSADSSMini.Leitung: tid ch18ynpb00010275: value 6800 is out of range in attribute Lichte_Breite
Error: line 464420: VSADSSMINI_2020_LV95.VSADSSMini.Leitung: tid ch18ynpb00012219: Attribute Bemerkung is length restricted to 80
Error: line 476351: VSADSSMINI_2020_LV95.VSADSSMini.Leitung: tid ch18ynpb00012541: Attribute Bemerkung is length restricted to 80
Error: line 477365: VSADSSMINI_2020_LV95.VSADSSMini.Leitung: tid ch18ynpb00012568: Attribute Bemerkung is length restricted to 80
Error: line 479273: VSADSSMINI_2020_LV95.VSADSSMini.Leitung: tid ch18ynpb00012619: Attribute Bemerkung is length restricted to 80
Error: line 479497: VSADSSMINI_2020_LV95.VSADSSMini.Leitung: tid ch18ynpb00012625: Attribute Bemerkung is length restricted to 80
Error: line 479535: VSADSSMINI_2020_LV95.VSADSSMini.Leitung: tid ch18ynpb00012626: Attribute Bemerkung is length restricted to 80
Error: line 518712: VSADSSMINI_2020_LV95.VSADSSMini.Leitung: tid ch18ynpb00013678: value 5000 is out of range in attribute Lichte_Breite
Error: line 671345: VSADSSMINI_2020_LV95.VSADSSMini.Leitung: tid ch18ynpb00017818: value 7000 is out of range in attribute Lichte_Breite
Error: line 677334: VSADSSMINI_2020_LV95.VSADSSMini.Leitung: tid ch18ynpb00017982: value 7200 is out of range in attribute Lichte_Breite
Error: line 685270: VSADSSMINI_2020_LV95.VSADSSMini.Leitung: tid ch18ynpb00018198: Attribute Bemerkung is length restricted to 80
Error: line 698526: VSADSSMINI_2020_LV95.VSADSSMini.Leitung: tid ch18ynpb00018560: value 7350 is out of range in attribute Lichte_Breite
Error: line 699794: VSADSSMINI_2020_LV95.VSADSSMini.Leitung: tid ch18ynpb00018592: value 8400 is out of range in attribute Lichte_Breite
Error: line 708086: VSADSSMINI_2020_LV95.VSADSSMini.Leitung: tid ch18ynpb00018818: value 8000 is out of range in attribute Lichte_Breite
Error: line 708124: VSADSSMINI_2020_LV95.VSADSSMini.Leitung: tid ch18ynpb00018819: value 12000 is out of range in attribute Lichte_Breite
Error: line 708162: VSADSSMINI_2020_LV95.VSADSSMini.Leitung: tid ch18ynpb00018820: value 8000 is out of range in attribute Lichte_Breite
Error: line 710864: VSADSSMINI_2020_LV95.VSADSSMini.Leitung: tid ch18ynpb00018894: value 6800 is out of range in attribute Lichte_Breite
Error: line 711430: VSADSSMINI_2020_LV95.VSADSSMini.Leitung: tid ch18ynpb00018910: value 6800 is out of range in attribute Lichte_Breite
Error: line 720627: VSADSSMINI_2020_LV95.VSADSSMini.Leitung: tid ch18ynpb00019161: value 6800 is out of range in attribute Lichte_Breite
Error: line 733341: VSADSSMINI_2020_LV95.VSADSSMini.Leitung: tid ch18ynpb00019518: value 12000 is out of range in attribute Lichte_Breite
Error: line 734581: VSADSSMINI_2020_LV95.VSADSSMini.Leitung: tid ch18ynpb00019553: value 11000 is out of range in attribute Lichte_Breite
Error: line 736393: VSADSSMINI_2020_LV95.VSADSSMini.Leitung: tid ch18ynpb00019602: Attribute Bemerkung is length restricted to 80
Error: line 738405: VSADSSMINI_2020_LV95.VSADSSMini.Leitung: tid ch18ynpb00019656: value 8500 is out of range in attribute Lichte_Breite
Error: line 738440: VSADSSMINI_2020_LV95.VSADSSMini.Leitung: tid ch18ynpb00019657: value 9450 is out of range in attribute Lichte_Breite
Error: line 738475: VSADSSMINI_2020_LV95.VSADSSMini.Leitung: tid ch18ynpb00019658: value 8850 is out of range in attribute Lichte_Breite
Error: line 738510: VSADSSMINI_2020_LV95.VSADSSMini.Leitung: tid ch18ynpb00019659: value 8850 is out of range in attribute Lichte_Breite
Error: line 739273: VSADSSMINI_2020_LV95.VSADSSMini.Leitung: tid ch18ynpb00019680: value 14500 is out of range in attribute Lichte_Breite
Error: line 739308: VSADSSMINI_2020_LV95.VSADSSMini.Leitung: tid ch18ynpb00019681: value 14500 is out of range in attribute Lichte_Breite
Error: line 739343: VSADSSMINI_2020_LV95.VSADSSMini.Leitung: tid ch18ynpb00019682: value 5000 is out of range in attribute Lichte_Breite
Error: line 746315: VSADSSMINI_2020_LV95.VSADSSMini.Leitung: tid ch18ynpb00019878: Attribute Bemerkung is length restricted to 80
Error: line 777260: VSADSSMINI_2020_LV95.VSADSSMini.Teileinzugsgebiet: tid ch18ynpb00020595: Attribute Bemerkung is length restricted to 80
Error: line 826567: VSADSSMINI_2020_LV95.VSADSSMini.Teileinzugsgebiet: tid ch18ynpb00021774: Attribute Bemerkung is length restricted to 80
Error: line 835970: VSADSSMINI_2020_LV95.VSADSSMini.Teileinzugsgebiet: tid ch18ynpb00022002: Attribute Bemerkung is length restricted to 80
Error: line 836007: VSADSSMINI_2020_LV95.VSADSSMini.Teileinzugsgebiet: tid ch18ynpb00022003: Attribute Bemerkung is length restricted to 80
Error: line 929888: VSADSSMINI_2020_LV95.VSADSSMini.Teileinzugsgebiet: tid ch18ynpb00024279: Attribute Bemerkung is length restricted to 80
Error: line 997254: VSADSSMINI_2020_LV95.VSADSSMini.Teileinzugsgebiet: tid ch18ynpb00025864: Attribute Bemerkung is length restricted to 80
Error: line 999477: VSADSSMINI_2020_LV95.VSADSSMini.Teileinzugsgebiet: tid ch18ynpb00025917: Attribute Bemerkung is length restricted to 80
Error: line 1000612: VSADSSMINI_2020_LV95.VSADSSMini.Teileinzugsgebiet: tid ch18ynpb00025943: Attribute Bemerkung is length restricted to 80
Error: line 1002234: VSADSSMINI_2020_LV95.VSADSSMini.Teileinzugsgebiet: tid ch18ynpb00025981: Attribute Bemerkung is length restricted to 80
Error: line 1002641: VSADSSMINI_2020_LV95.VSADSSMini.Teileinzugsgebiet: tid ch18ynpb00025991: Attribute Bemerkung is length restricted to 80
Error: line 1002684: VSADSSMINI_2020_LV95.VSADSSMini.Teileinzugsgebiet: tid ch18ynpb00025992: Attribute Bemerkung is length restricted to 80
Error: line 1003158: VSADSSMINI_2020_LV95.VSADSSMini.Teileinzugsgebiet: tid ch18ynpb00026003: Attribute Bemerkung is length restricted to 80
Error: line 1003513: VSADSSMINI_2020_LV95.VSADSSMini.Teileinzugsgebiet: tid ch18ynpb00026012: Attribute Bemerkung is length restricted to 80
Error: line 1003849: VSADSSMINI_2020_LV95.VSADSSMini.Teileinzugsgebiet: tid ch18ynpb00026020: Attribute Bemerkung is length restricted to 80
Error: line 1008516: VSADSSMINI_2020_LV95.VSADSSMini.Teileinzugsgebiet: tid ch18ynpb00026134: Attribute Bemerkung is length restricted to 80
Error: line 1008562: VSADSSMINI_2020_LV95.VSADSSMini.Teileinzugsgebiet: tid ch18ynpb00026135: Attribute Bemerkung is length restricted to 80
Error: line 1008649: VSADSSMINI_2020_LV95.VSADSSMini.Teileinzugsgebiet: tid ch18ynpb00026137: Attribute Bemerkung is length restricted to 80
Error: line 1035937: VSADSSMINI_2020_LV95.VSADSSMini.Teileinzugsgebiet: tid ch18ynpb00026786: Attribute Bemerkung is length restricted to 80
Error: line 1117143: VSADSSMINI_2020_LV95.VSADSSMini.Teileinzugsgebiet: tid ch18ynpb00028776: Attribute Bemerkung is length restricted to 80
Error: line 1117183: VSADSSMINI_2020_LV95.VSADSSMini.Teileinzugsgebiet: tid ch18ynpb00028777: Attribute Bemerkung is length restricted to 80
Error: line 1117223: VSADSSMINI_2020_LV95.VSADSSMini.Teileinzugsgebiet: tid ch18ynpb00028778: Attribute Bemerkung is length restricted to 80
Error: line 1117270: VSADSSMINI_2020_LV95.VSADSSMini.Teileinzugsgebiet: tid ch18ynpb00028779: Attribute Bemerkung is length restricted to 80
Error: line 1117322: VSADSSMINI_2020_LV95.VSADSSMini.Teileinzugsgebiet: tid ch18ynpb00028780: Attribute Bemerkung is length restricted to 80
Error: line 1321820: VSADSSMINI_2020_LV95.VSADSSMini.Teileinzugsgebiet: tid ch18ynpb00033647: Attribute Bemerkung is length restricted to 80
Error: line 1349884: VSADSSMINI_2020_LV95.VSADSSMini.Teileinzugsgebiet: tid ch18ynpb00034295: Attribute Bemerkung is length restricted to 80
Error: line 1359315: VSADSSMINI_2020_LV95.VSADSSMini.Teileinzugsgebiet: tid ch18ynpb00034512: Attribute Bemerkung is length restricted to 80
Error: line 1393951: VSADSSMINI_2020_LV95.VSADSSMini.Teileinzugsgebiet: tid ch18ynpb00035324: Attribute Bemerkung is length restricted to 80
Error: line 1393988: VSADSSMINI_2020_LV95.VSADSSMini.Teileinzugsgebiet: tid ch18ynpb00035325: Attribute Bemerkung is length restricted to 80
Error: line 1394259: VSADSSMINI_2020_LV95.VSADSSMini.Teileinzugsgebiet: tid ch18ynpb00035332: Attribute Bemerkung is length restricted to 80
Error: line 1394295: VSADSSMINI_2020_LV95.VSADSSMini.Teileinzugsgebiet: tid ch18ynpb00035333: Attribute Bemerkung is length restricted to 80
Info: second validation pass...
Info: validate unique constraint VSADSSMINI_2020_LV95.VSADSSMini.Knoten.Constraint1...
Info: validate target of role VSADSSMINI_2020_LV95.VSADSSMini.DatenherrAssoc.DatenherrRef...
Info: validate target of role VSADSSMINI_2020_LV95.VSADSSMini.DatenlieferantAssoc.DatenlieferantRef...
Info: validate target of role VSADSSMINI_2020_LV95.VSADSSMini.Knoten_BetreiberAssoc.BetreiberRef...
Info: validate target of role VSADSSMINI_2020_LV95.VSADSSMini.Knoten_EigentuemerAssoc.EigentuemerRef...
Info: validate multiplicity of role VSADSSMINI_2020_LV95.VSADSSMini.DatenlieferantAssoc.DatenlieferantRef...
Info: validate multiplicity of role VSADSSMINI_2020_LV95.VSADSSMini.DatenherrAssoc.DatenherrRef...
Info: validate multiplicity of role VSADSSMINI_2020_LV95.VSADSSMini.SK_Regenueberlauf_EinleitstelleAssoc.SK_Regenueberlauf_EinleitstelleAssocRef...
Info: validate multiplicity of role VSADSSMINI_2020_LV95.VSADSSMini.Teileinzugsgebiet_Knoten_SW_geplantAssoc.Teileinzugsgebiet_Knoten_SW_geplantAssocRef...
Info: validate multiplicity of role VSADSSMINI_2020_LV95.VSADSSMini.Teileinzugsgebiet_Knoten_SW_IstAssoc.Teileinzugsgebiet_Knoten_SW_IstAssocRef...
Info: validate multiplicity of role VSADSSMINI_2020_LV95.VSADSSMini.SK_PAA_KnotenAssoc.SK_PAA_KnotenAssocRef...
Info: validate multiplicity of role VSADSSMINI_2020_LV95.VSADSSMini.Leitung_Knoten_nachAssoc.Leitung_Knoten_nachAssocRef...
Info: validate multiplicity of role VSADSSMINI_2020_LV95.VSADSSMini.Ueberlauf_Foerderaggregat_KnotenAssoc.Ueberlauf_Foerderaggregat_KnotenAssocRef...
Info: validate multiplicity of role VSADSSMINI_2020_LV95.VSADSSMini.Teileinzugsgebiet_Knoten_RW_IstAssoc.Teileinzugsgebiet_Knoten_RW_IstAssocRef...
Info: validate multiplicity of role VSADSSMINI_2020_LV95.VSADSSMini.SK_Regenueberlaufbecken_EinleitstelleAssoc.SK_Regenueberlaufbecken_EinleitstelleAssocRef...
Info: validate multiplicity of role VSADSSMINI_2020_LV95.VSADSSMini.Knoten_EigentuemerAssoc.EigentuemerRef...
Info: validate multiplicity of role VSADSSMINI_2020_LV95.VSADSSMini.Teileinzugsgebiet_Knoten_RW_geplantAssoc.Teileinzugsgebiet_Knoten_RW_geplantAssocRef...
Info: validate multiplicity of role VSADSSMINI_2020_LV95.VSADSSMini.SK_Trennbauwerk_PrimaerrichtungAssoc.SK_Trennbauwerk_PrimaerrichtungAssocRef...
Info: validate multiplicity of role VSADSSMINI_2020_LV95.VSADSSMini.Knoten_BetreiberAssoc.BetreiberRef...
Info: validate multiplicity of role VSADSSMINI_2020_LV95.VSADSSMini.Leitung_Knoten_vonAssoc.Leitung_Knoten_vonAssocRef...
Info: validate multiplicity of role VSADSSMINI_2020_LV95.VSADSSMini.Knoten_TextAssoc.Text...
Info: validate multiplicity of role VSADSSMINI_2020_LV95.VSADSSMini.Bauwerkskomponente_Notenlastung_EinleitstelleAssoc.Bauwerkskomponente_Notenlastung_EinleitstelleAssocRef...
Info: validate multiplicity of role VSADSSMINI_2020_LV95.VSADSSMini.Ueberlauf_Foerderaggregat_Knoten_nachAssoc.Ueberlauf_Foerderaggregat_Knoten_nachAssocRef...
Info: validate multiplicity of role VSADSSMINI_2020_LV95.VSADSSMini.Massnahme_KnotenAssoc.Massnahme_KnotenAssocRef...
Info: validate unique constraint VSADSSMINI_2020_LV95.VSADSSMini.Leitung.Constraint1...
Info: validate target of role VSADSSMINI_2020_LV95.VSADSSMini.Leitung_BetreiberAssoc.BetreiberRef...
Info: validate target of role VSADSSMINI_2020_LV95.VSADSSMini.Leitung_EigentuemerAssoc.EigentuemerRef...
Info: validate target of role VSADSSMINI_2020_LV95.VSADSSMini.Leitung_Knoten_nachAssoc.Knoten_nachRef...
Info: validate target of role VSADSSMINI_2020_LV95.VSADSSMini.Leitung_Knoten_vonAssoc.Knoten_vonRef...
Info: validate target of role VSADSSMINI_2020_LV95.VSADSSMini.Leitung_Leitung_nachAssoc.Leitung_nachRef...
Info: validate target of role VSADSSMINI_2020_LV95.VSADSSMini.Leitung_RohrprofilAssoc.RohrprofilRef...
Info: validate multiplicity of role VSADSSMINI_2020_LV95.VSADSSMini.Leitung_TextAssoc.Text...
Info: validate multiplicity of role VSADSSMINI_2020_LV95.VSADSSMini.Massnahme_LeitungAssoc.Massnahme_LeitungAssocRef...
Info: validate multiplicity of role VSADSSMINI_2020_LV95.VSADSSMini.Leitung_Knoten_vonAssoc.Knoten_vonRef...
Info: validate multiplicity of role VSADSSMINI_2020_LV95.VSADSSMini.Leitung_Knoten_nachAssoc.Knoten_nachRef...
Info: validate multiplicity of role VSADSSMINI_2020_LV95.VSADSSMini.Leitung_Leitung_nachAssoc.Leitung_Leitung_nachAssocRef...
Info: validate multiplicity of role VSADSSMINI_2020_LV95.VSADSSMini.Leitung_EigentuemerAssoc.EigentuemerRef...
Info: validate multiplicity of role VSADSSMINI_2020_LV95.VSADSSMini.Leitung_RohrprofilAssoc.RohrprofilRef...
Info: validate multiplicity of role VSADSSMINI_2020_LV95.VSADSSMini.Leitung_Leitung_nachAssoc.Leitung_nachRef...
Info: validate multiplicity of role VSADSSMINI_2020_LV95.VSADSSMini.Leitung_BetreiberAssoc.BetreiberRef...
Info: validate unique constraint VSADSSMINI_2020_LV95.VSADSSMini.Teileinzugsgebiet.Constraint1...
Info: validate target of role VSADSSMINI_2020_LV95.VSADSSMini.Teileinzugsgebiet_Knoten_RW_IstAssoc.Knoten_RW_IstRef...
Info: validate target of role VSADSSMINI_2020_LV95.VSADSSMini.Teileinzugsgebiet_Knoten_RW_geplantAssoc.Knoten_RW_geplantRef...
Info: validate target of role VSADSSMINI_2020_LV95.VSADSSMini.Teileinzugsgebiet_Knoten_SW_IstAssoc.Knoten_SW_IstRef...
Info: validate target of role VSADSSMINI_2020_LV95.VSADSSMini.Teileinzugsgebiet_Knoten_SW_geplantAssoc.Knoten_SW_geplantRef...
Info: validate target of role VSADSSMINI_2020_LV95.VSADSSMini.Teileinzugsgebiet_SBW_RW_IstAssoc.SBW_RW_IstRef...
Info: validate target of role VSADSSMINI_2020_LV95.VSADSSMini.Teileinzugsgebiet_SBW_RW_geplantAssoc.SBW_RW_geplantRef...
Info: validate target of role VSADSSMINI_2020_LV95.VSADSSMini.Teileinzugsgebiet_SBW_SW_IstAssoc.SBW_SW_IstRef...
Info: validate target of role VSADSSMINI_2020_LV95.VSADSSMini.Teileinzugsgebiet_SBW_SW_geplantAssoc.SBW_SW_geplantRef...
Info: validate multiplicity of role VSADSSMINI_2020_LV95.VSADSSMini.Teileinzugsgebiet_Knoten_RW_geplantAssoc.Knoten_RW_geplantRef...
Info: validate multiplicity of role VSADSSMINI_2020_LV95.VSADSSMini.Teileinzugsgebiet_Knoten_SW_geplantAssoc.Knoten_SW_geplantRef...
Info: validate multiplicity of role VSADSSMINI_2020_LV95.VSADSSMini.Teileinzugsgebiet_Knoten_RW_IstAssoc.Knoten_RW_IstRef...
Info: validate multiplicity of role VSADSSMINI_2020_LV95.VSADSSMini.Teileinzugsgebiet_SBW_SW_IstAssoc.SBW_SW_IstRef...
Info: validate multiplicity of role VSADSSMINI_2020_LV95.VSADSSMini.Teileinzugsgebiet_SBW_RW_IstAssoc.SBW_RW_IstRef...
Info: validate multiplicity of role VSADSSMINI_2020_LV95.VSADSSMini.Teileinzugsgebiet_SBW_SW_geplantAssoc.SBW_SW_geplantRef...
Info: validate multiplicity of role VSADSSMINI_2020_LV95.VSADSSMini.Teileinzugsgebiet_Knoten_SW_IstAssoc.Knoten_SW_IstRef...
Info: validate multiplicity of role VSADSSMINI_2020_LV95.VSADSSMini.Teileinzugsgebiet_SBW_RW_geplantAssoc.SBW_RW_geplantRef...
Info: validate unique constraint VSADSSMINI_2020_LV95.VSADSSMini.Ueberlauf_Foerderaggregat.Constraint1...
Info: validate target of role VSADSSMINI_2020_LV95.VSADSSMini.Ueberlauf_Foerderaggregat_KnotenAssoc.KnotenRef...
Info: validate target of role VSADSSMINI_2020_LV95.VSADSSMini.Ueberlauf_Foerderaggregat_Knoten_nachAssoc.Knoten_nachRef...
Info: validate multiplicity of role VSADSSMINI_2020_LV95.VSADSSMini.Ueberlauf_Foerderaggregat_Knoten_nachAssoc.Knoten_nachRef...
Info: validate multiplicity of role VSADSSMINI_2020_LV95.VSADSSMini.Ueberlauf_Foerderaggregat_KnotenAssoc.KnotenRef...
Info: validate unique constraint VSADSSMINI_2020_LV95.VSADSSMini.Massnahme.Constraint1...
Info: validate target of role VSADSSMINI_2020_LV95.VSADSSMini.Massnahme_TraegerschaftAssoc.TraegerschaftRef...
Info: validate target of role VSADSSMINI_2020_LV95.VSADSSMini.Massnahme_Verantwortlich_AusloesungAssoc.Verantwortlich_AusloesungRef...
Info: validate multiplicity of role VSADSSMINI_2020_LV95.VSADSSMini.Massnahme_Verantwortlich_AusloesungAssoc.Verantwortlich_AusloesungRef...
Info: validate multiplicity of role VSADSSMINI_2020_LV95.VSADSSMini.Massnahme_TraegerschaftAssoc.TraegerschaftRef...
Info: validate multiplicity of role VSADSSMINI_2020_LV95.VSADSSMini.Massnahme_LeitungAssoc.LeitungRef...
Info: validate multiplicity of role VSADSSMINI_2020_LV95.VSADSSMini.ALR_MassnahmeAssoc.ALR_MassnahmeAssocRef...
Info: validate multiplicity of role VSADSSMINI_2020_LV95.VSADSSMini.Massnahme_KnotenAssoc.KnotenRef...
Info: validate unique constraint SIA405_Base_Abwasser_LV95.Administration.Organisation.Constraint1...
Info: validate multiplicity of role VSADSSMINI_2020_LV95.VSADSSMini.DatenlieferantAssoc.VSA_BaseClass_DatenlieferantAssocRef...
Info: validate multiplicity of role VSADSSMINI_2020_LV95.VSADSSMini.Massnahme_Verantwortlich_AusloesungAssoc.Massnahme_Verantwortlich_AusloesungAssocRef...
Info: validate multiplicity of role VSADSSMINI_2020_LV95.VSADSSMini.Leitung_BetreiberAssoc.Leitung_BetreiberAssocRef...
Info: validate multiplicity of role VSADSSMINI_2020_LV95.VSADSSMini.SK_BueroAssoc.SK_BueroAssocRef...
Info: validate multiplicity of role VSADSSMINI_2020_LV95.VSADSSMini.SK_Einleitstelle_Ausfuehrende_FirmaAssoc.SK_Einleitstelle_Ausfuehrende_FirmaAssocRef...
Info: validate multiplicity of role VSADSSMINI_2020_LV95.VSADSSMini.Knoten_EigentuemerAssoc.Knoten_EigentuemerAssocRef...
Info: validate multiplicity of role VSADSSMINI_2020_LV95.VSADSSMini.SK_StandortgemeindeAssoc.SK_StandortgemeindeAssocRef...
Info: validate multiplicity of role VSADSSMINI_2020_LV95.VSADSSMini.Leitung_EigentuemerAssoc.Leitung_EigentuemerAssocRef...
Info: validate multiplicity of role VSADSSMINI_2020_LV95.VSADSSMini.DatenherrAssoc.VSA_BaseClass_DatenherrAssocRef...
Info: validate multiplicity of role VSADSSMINI_2020_LV95.VSADSSMini.Knoten_BetreiberAssoc.Knoten_BetreiberAssocRef...
Info: validate multiplicity of role VSADSSMINI_2020_LV95.VSADSSMini.Massnahme_TraegerschaftAssoc.Massnahme_TraegerschaftAssocRef...
Info: Bern_Mini_2020_org_Massnahme.xtf: VSADSSMINI_2020_LV95.VSADSSMini BID=BASKET1
Info:     825 objects in CLASS SIA405_Base_Abwasser_LV95.Administration.Organisation
Info:    9935 objects in CLASS VSADSSMINI_2020_LV95.VSADSSMini.Knoten
Info:    9945 objects in CLASS VSADSSMINI_2020_LV95.VSADSSMini.Leitung
Info:     175 objects in CLASS VSADSSMINI_2020_LV95.VSADSSMini.Massnahme
Info:   15639 objects in CLASS VSADSSMINI_2020_LV95.VSADSSMini.Teileinzugsgebiet
Info:     349 objects in CLASS VSADSSMINI_2020_LV95.VSADSSMini.Ueberlauf_Foerderaggregat
Info: ...validation failed
